jul. 30, 2025 6:53:02 PM liquibase.changelog
INFO: Reading resource: db/changelog/migrations/db.changelog-1.sql
jul. 30, 2025 6:53:02 PM liquibase.changelog
INFO: Reading resource: db/changelog/migrations/db.changelog-2.sql
jul. 30, 2025 6:53:02 PM liquibase.changelog
INFO: Reading resource: db/changelog/migrations/db.changelog-3.sql
jul. 30, 2025 6:53:02 PM liquibase.changelog
INFO: Reading resource: db/changelog/migrations/db.changelog-4.sql
jul. 30, 2025 6:53:02 PM liquibase.changelog
INFO: Reading from board.databasechangelog
Database is up to date, no changesets to execute
jul. 30, 2025 6:53:02 PM liquibase.changelog
INFO: Reading from board.databasechangelog

UPDATE SUMMARY
Run:                          0
Previously run:               4
Filtered out:                 0
-------------------------------
Total change sets:            4

jul. 30, 2025 6:53:02 PM liquibase.util
INFO: UPDATE SUMMARY
jul. 30, 2025 6:53:02 PM liquibase.util
INFO: Run:                          0
jul. 30, 2025 6:53:02 PM liquibase.util
INFO: Previously run:               4
jul. 30, 2025 6:53:02 PM liquibase.util
INFO: Filtered out:                 0
jul. 30, 2025 6:53:02 PM liquibase.util
INFO: -------------------------------
jul. 30, 2025 6:53:02 PM liquibase.util
INFO: Total change sets:            4
jul. 30, 2025 6:53:02 PM liquibase.util
INFO: Update summary generated
jul. 30, 2025 6:53:02 PM liquibase.lockservice
INFO: Successfully released change log lock
jul. 30, 2025 6:53:02 PM liquibase.command
INFO: Command execution complete
